<?xml version="1.0" encoding="UTF-8"?>
<!-- Generated by org.testng.reporters.JUnitReportReporter -->
<testsuite skipped="0" hostname="AC-Laptop" name="Home.TestHome" tests="5" failures="0" timestamp="2019-09-19T00:44:45 EDT" time="37.308" errors="0">
  <testcase name="testHelp" time="7.918" classname="Home.TestHome"/>
  <testcase name="testDeals" time="7.988" classname="Home.TestHome"/>
  <testcase name="testMyCart" time="7.062" classname="Home.TestHome"/>
  <testcase name="testSell" time="6.759" classname="Home.TestHome"/>
  <testcase name="testSearchBar" time="7.581" classname="Home.TestHome"/>
</testsuite> <!-- Home.TestHome -->
